<?xml version="1.0" encoding="UTF-8"?><testsuite errors="1" failures="0" name="Update information" skipped="0" tests="1" time="7.25" timestamp="2022-09-12 04:34:42"><testcase name="required fields warning"><error message="Arity mismatch: Step Definition 'com.speedup.qa.stepDefinitions.ValidateFieldsLoginStepDefinitions.he_check_the_warning(String,String) in file:/C:/Users/usuar/Desktop/wappiAutomation/target/test-classes/' with pattern [^he check the warning$] is declared with 2 parameters. However, the gherkin step has 0 arguments []. &#10;Step text: he check the warning" type="cucumber.runtime.CucumberException">Arity mismatch: Step Definition 'com.speedup.qa.stepDefinitions.ValidateFieldsLoginStepDefinitions.he_check_the_warning(String,String) in file:/C:/Users/usuar/Desktop/wappiAutomation/target/test-classes/' with pattern [^he check the warning$] is declared with 2 parameters. However, the gherkin step has 0 arguments []. 
Step text: he check the warning</error><system-err>Arity mismatch: Step Definition 'com.speedup.qa.stepDefinitions.ValidateFieldsLoginStepDefinitions.he_check_the_warning(String,String) in file:/C:/Users/usuar/Desktop/wappiAutomation/target/test-classes/' with pattern [^he check the warning$] is declared with 2 parameters. However, the gherkin step has 0 arguments []. 
Step text: he check the warning&#13;
cucumber.runner.Runner.runPickle(Runner.java:80)&#13;
</system-err></testcase></testsuite>