<?xml version="1.0" encoding="UTF-8"?><testsuite errors="0" failures="1" name="Update information" skipped="0" tests="1" time="6.62" timestamp="2022-09-10 06:31:24"><testcase name="Update personal information"><failure message="Expected enabled element was not enabled" type="net.thucydides.core.webdriver.exceptions.ElementShouldBeEnabledException">Expected enabled element was not enabled</failure><system-err>Expected enabled element was not enabled&#13;
com.speedup.qa.tasks.Update.performAs(Update.java:19)&#13;
com.speedup.qa.stepDefinitions.OrderProductsStepDefinitions.user_complete_personal_information(OrderProductsStepDefinitions.java:34)&#13;
java.base/jdk.internal.reflect.NativeMethodAccessorImpl.invoke0(Native Method)&#13;
java.base/jdk.internal.reflect.NativeMethodAccessorImpl.invoke(NativeMethodAccessorImpl.java:62)&#13;
java.base/jdk.internal.reflect.DelegatingMethodAccessorImpl.invoke(DelegatingMethodAccessorImpl.java:43)&#13;
cucumber.runner.Runner.runPickle(Runner.java:80)&#13;
</system-err></testcase></testsuite>